<?xml version="1.0" encoding="UTF-8"?>
<testsuite name="SimpleSearchEngineTest" tests="1" skipped="0" failures="0" errors="0" timestamp="2020-03-11T08:49:22" hostname="Principals-MBP" time="0.253">
  <properties/>
  <testcase name="start" classname="SimpleSearchEngineTest" time="0.253"/>
  <system-out><![CDATA[?[1;31m
Start test 1?[0m
Enter the number of people:
>1
Enter all people:
>John
Enter data to search people:
>1
>this text will definitely be no match
No matching people found.
?[1;31m
Start test 2?[0m
Enter the number of people:
>3
Enter all people:
>john smith smith@gmail.com
>John lock john_lock@somecompany.com
>help me iamaprogrammer@gmail.com
Enter data to search people:
>4
>john
Found people:
john smith smith@gmail.com
John lock john_lock@somecompany.com
>Somecompany
Found people:
John lock john_lock@somecompany.com
>@
Found people:
john smith smith@gmail.com
John lock john_lock@somecompany.com
help me iamaprogrammer@gmail.com
>this text will definitely be no match
No matching people found.
]]></system-out>
  <system-err><![CDATA[]]></system-err>
</testsuite>
